2025-06-11 09:12:24.441 [main] INFO  c.o.c.ChargingSystemApplication - Starting ChargingSystemApplication using Java 17.0.12 with PID 19620 (C:\Users\xiwei\Desktop\软件工程\ChargingSystem\target\classes started by xiwei in C:\Users\xiwei\Desktop\软件工程\ChargingSystem)
2025-06-11 09:12:24.446 [main] INFO  c.o.c.ChargingSystemApplication - No active profile set, falling back to 1 default profile: "default"
2025-06-11 09:12:25.630 [main] INFO  o.a.catalina.core.StandardService - Starting service [Tomcat]
2025-06-11 09:12:25.630 [main] INFO  o.a.catalina.core.StandardEngine - Starting Servlet engine: [Apache Tomcat/10.1.41]
2025-06-11 09:12:25.680 [main] INFO  o.a.c.c.C.[Tomcat].[localhost].[/] - Initializing Spring embedded WebApplicationContext
2025-06-11 09:12:26.415 [main] INFO  c.o.c.ChargingSystemApplication - Started ChargingSystemApplication in 2.454 seconds (process running for 2.973)
2025-06-11 09:12:26.435 [scheduling-1] INFO  com.zaxxer.hikari.HikariDataSource - HikariCP - Starting...
2025-06-11 09:12:26.569 [scheduling-1] INFO  com.zaxxer.hikari.pool.HikariPool - HikariCP - Added connection com.mysql.cj.jdbc.ConnectionImpl@3bd8ac84
2025-06-11 09:12:26.570 [scheduling-1] INFO  com.zaxxer.hikari.HikariDataSource - HikariCP - Start completed.
2025-06-11 09:13:14.441 [http-nio-8080-exec-4] INFO  o.a.c.c.C.[Tomcat].[localhost].[/] - Initializing Spring DispatcherServlet 'dispatcherServlet'
2025-06-11 09:17:43.928 [SpringApplicationShutdownHook] INFO  com.zaxxer.hikari.HikariDataSource - HikariCP - Shutdown initiated...
2025-06-11 09:17:43.934 [SpringApplicationShutdownHook] INFO  com.zaxxer.hikari.HikariDataSource - HikariCP - Shutdown completed.
2025-06-11 13:32:09.760 [main] INFO  c.o.c.ChargingSystemApplication - Starting ChargingSystemApplication using Java 21.0.7 with PID 19628 (D:\git_project\ChargingSystem\target\classes started by HUAWEI in D:\git_project\ChargingSystem)
2025-06-11 13:32:09.763 [main] INFO  c.o.c.ChargingSystemApplication - No active profile set, falling back to 1 default profile: "default"
2025-06-11 13:32:11.472 [main] INFO  o.a.catalina.core.StandardService - Starting service [Tomcat]
2025-06-11 13:32:11.473 [main] INFO  o.a.catalina.core.StandardEngine - Starting Servlet engine: [Apache Tomcat/10.1.41]
2025-06-11 13:32:11.547 [main] INFO  o.a.c.c.C.[Tomcat].[localhost].[/] - Initializing Spring embedded WebApplicationContext
2025-06-11 13:32:12.865 [main] INFO  c.o.c.ChargingSystemApplication - Started ChargingSystemApplication in 3.907 seconds (process running for 4.846)
2025-06-11 13:32:12.905 [scheduling-1] INFO  com.zaxxer.hikari.HikariDataSource - HikariCP - Starting...
2025-06-11 13:32:13.171 [scheduling-1] INFO  com.zaxxer.hikari.pool.HikariPool - HikariCP - Added connection com.mysql.cj.jdbc.ConnectionImpl@1b242d15
2025-06-11 13:32:13.174 [scheduling-1] INFO  com.zaxxer.hikari.HikariDataSource - HikariCP - Start completed.
2025-06-11 13:39:48.109 [SpringApplicationShutdownHook] INFO  com.zaxxer.hikari.HikariDataSource - HikariCP - Shutdown initiated...
2025-06-11 13:39:48.120 [SpringApplicationShutdownHook] INFO  com.zaxxer.hikari.HikariDataSource - HikariCP - Shutdown completed.
2025-06-11 13:39:54.472 [main] INFO  c.o.c.ChargingSystemApplication - Starting ChargingSystemApplication using Java 21.0.7 with PID 19916 (D:\git_project\ChargingSystem\target\classes started by HUAWEI in D:\git_project\ChargingSystem)
2025-06-11 13:39:54.474 [main] INFO  c.o.c.ChargingSystemApplication - No active profile set, falling back to 1 default profile: "default"
2025-06-11 13:39:55.884 [main] INFO  o.a.catalina.core.StandardService - Starting service [Tomcat]
2025-06-11 13:39:55.884 [main] INFO  o.a.catalina.core.StandardEngine - Starting Servlet engine: [Apache Tomcat/10.1.41]
2025-06-11 13:39:55.958 [main] INFO  o.a.c.c.C.[Tomcat].[localhost].[/] - Initializing Spring embedded WebApplicationContext
2025-06-11 13:39:56.920 [main] INFO  c.o.c.ChargingSystemApplication - Started ChargingSystemApplication in 3.008 seconds (process running for 3.796)
2025-06-11 13:39:56.941 [scheduling-1] INFO  com.zaxxer.hikari.HikariDataSource - HikariCP - Starting...
2025-06-11 13:39:57.078 [scheduling-1] INFO  com.zaxxer.hikari.pool.HikariPool - HikariCP - Added connection com.mysql.cj.jdbc.ConnectionImpl@5de7ddd5
2025-06-11 13:39:57.080 [scheduling-1] INFO  com.zaxxer.hikari.HikariDataSource - HikariCP - Start completed.
2025-06-11 13:40:06.347 [http-nio-8080-exec-2] INFO  o.a.c.c.C.[Tomcat].[localhost].[/] - Initializing Spring DispatcherServlet 'dispatcherServlet'
2025-06-11 13:58:18.216 [HikariCP:housekeeper] WARN  com.zaxxer.hikari.pool.HikariPool - HikariCP - Thread starvation or clock leap detected (housekeeper delta=11m49s459ms651µs100ns).
2025-06-11 14:40:31.659 [HikariCP:housekeeper] WARN  com.zaxxer.hikari.pool.HikariPool - HikariCP - Thread starvation or clock leap detected (housekeeper delta=8m42s936ms384µs200ns).
2025-06-11 16:15:44.466 [HikariCP:housekeeper] WARN  com.zaxxer.hikari.pool.HikariPool - HikariCP - Thread starvation or clock leap detected (housekeeper delta=1h34m56s866ms234µs700ns).
2025-06-11 16:15:45.088 [http-nio-8080-exec-6] ERROR o.a.c.c.C.[.[.[.[dispatcherServlet] - Servlet.service() for servlet [dispatcherServlet] in context with path [] threw exception [Request processing failed: org.mybatis.spring.MyBatisSystemException] with root cause
org.apache.ibatis.exceptions.TooManyResultsException: Expected one result (or null) to be returned by selectOne(), but found: 2
	at org.apache.ibatis.session.defaults.DefaultSqlSession.selectOne(DefaultSqlSession.java:81)
	at java.base/jdk.internal.reflect.DirectMethodHandleAccessor.invoke(DirectMethodHandleAccessor.java:103)
	at java.base/java.lang.reflect.Method.invoke(Method.java:580)
	at org.mybatis.spring.SqlSessionTemplate$SqlSessionInterceptor.invoke(SqlSessionTemplate.java:425)
	at jdk.proxy2/jdk.proxy2.$Proxy66.selectOne(Unknown Source)
	at org.mybatis.spring.SqlSessionTemplate.selectOne(SqlSessionTemplate.java:160)
	at org.apache.ibatis.binding.MapperMethod.execute(MapperMethod.java:87)
	at org.apache.ibatis.binding.MapperProxy$PlainMethodInvoker.invoke(MapperProxy.java:141)
	at org.apache.ibatis.binding.MapperProxy.invoke(MapperProxy.java:86)
	at jdk.proxy2/jdk.proxy2.$Proxy67.findByRequestId(Unknown Source)
	at com.online.chargingSystem.controller.ChargingRequestController.getCurrentChargingPower(ChargingRequestController.java:55)
	at java.base/jdk.internal.reflect.DirectMethodHandleAccessor.invoke(DirectMethodHandleAccessor.java:103)
	at java.base/java.lang.reflect.Method.invoke(Method.java:580)
	at org.springframework.web.method.support.InvocableHandlerMethod.doInvoke(InvocableHandlerMethod.java:258)
	at org.springframework.web.method.support.InvocableHandlerMethod.invokeForRequest(InvocableHandlerMethod.java:191)
	at org.springframework.web.servlet.mvc.method.annotation.ServletInvocableHandlerMethod.invokeAndHandle(ServletInvocableHandlerMethod.java:118)
	at org.springframework.web.servlet.mvc.method.annotation.RequestMappingHandlerAdapter.invokeHandlerMethod(RequestMappingHandlerAdapter.java:986)
	at org.springframework.web.servlet.mvc.method.annotation.RequestMappingHandlerAdapter.handleInternal(RequestMappingHandlerAdapter.java:891)
	at org.springframework.web.servlet.mvc.method.AbstractHandlerMethodAdapter.handle(AbstractHandlerMethodAdapter.java:87)
	at org.springframework.web.servlet.DispatcherServlet.doDispatch(DispatcherServlet.java:1089)
	at org.springframework.web.servlet.DispatcherServlet.doService(DispatcherServlet.java:979)
	at org.springframework.web.servlet.FrameworkServlet.processRequest(FrameworkServlet.java:1014)
	at org.springframework.web.servlet.FrameworkServlet.doGet(FrameworkServlet.java:903)
	at jakarta.servlet.http.HttpServlet.service(HttpServlet.java:564)
	at org.springframework.web.servlet.FrameworkServlet.service(FrameworkServlet.java:885)
	at jakarta.servlet.http.HttpServlet.service(HttpServlet.java:658)
	at org.apache.catalina.core.ApplicationFilterChain.internalDoFilter(ApplicationFilterChain.java:195)
	at org.apache.catalina.core.ApplicationFilterChain.doFilter(ApplicationFilterChain.java:140)
	at org.apache.tomcat.websocket.server.WsFilter.doFilter(WsFilter.java:51)
	at org.apache.catalina.core.ApplicationFilterChain.internalDoFilter(ApplicationFilterChain.java:164)
	at org.apache.catalina.core.ApplicationFilterChain.doFilter(ApplicationFilterChain.java:140)
	at org.springframework.web.filter.RequestContextFilter.doFilterInternal(RequestContextFilter.java:100)
	at org.springframework.web.filter.OncePerRequestFilter.doFilter(OncePerRequestFilter.java:116)
	at org.apache.catalina.core.ApplicationFilterChain.internalDoFilter(ApplicationFilterChain.java:164)
	at org.apache.catalina.core.ApplicationFilterChain.doFilter(ApplicationFilterChain.java:140)
	at org.springframework.web.filter.FormContentFilter.doFilterInternal(FormContentFilter.java:93)
	at org.springframework.web.filter.OncePerRequestFilter.doFilter(OncePerRequestFilter.java:116)
	at org.apache.catalina.core.ApplicationFilterChain.internalDoFilter(ApplicationFilterChain.java:164)
	at org.apache.catalina.core.ApplicationFilterChain.doFilter(ApplicationFilterChain.java:140)
	at org.springframework.web.filter.CharacterEncodingFilter.doFilterInternal(CharacterEncodingFilter.java:201)
	at org.springframework.web.filter.OncePerRequestFilter.doFilter(OncePerRequestFilter.java:116)
	at org.apache.catalina.core.ApplicationFilterChain.internalDoFilter(ApplicationFilterChain.java:164)
	at org.apache.catalina.core.ApplicationFilterChain.doFilter(ApplicationFilterChain.java:140)
	at org.apache.catalina.core.StandardWrapperValve.invoke(StandardWrapperValve.java:167)
	at org.apache.catalina.core.StandardContextValve.invoke(StandardContextValve.java:90)
	at org.apache.catalina.authenticator.AuthenticatorBase.invoke(AuthenticatorBase.java:483)
	at org.apache.catalina.core.StandardHostValve.invoke(StandardHostValve.java:116)
	at org.apache.catalina.valves.ErrorReportValve.invoke(ErrorReportValve.java:93)
	at org.apache.catalina.core.StandardEngineValve.invoke(StandardEngineValve.java:74)
	at org.apache.catalina.connector.CoyoteAdapter.service(CoyoteAdapter.java:344)
	at org.apache.coyote.http11.Http11Processor.service(Http11Processor.java:398)
	at org.apache.coyote.AbstractProcessorLight.process(AbstractProcessorLight.java:63)
	at org.apache.coyote.AbstractProtocol$ConnectionHandler.process(AbstractProtocol.java:903)
	at org.apache.tomcat.util.net.NioEndpoint$SocketProcessor.doRun(NioEndpoint.java:1740)
	at org.apache.tomcat.util.net.SocketProcessorBase.run(SocketProcessorBase.java:52)
	at org.apache.tomcat.util.threads.ThreadPoolExecutor.runWorker(ThreadPoolExecutor.java:1189)
	at org.apache.tomcat.util.threads.ThreadPoolExecutor$Worker.run(ThreadPoolExecutor.java:658)
	at org.apache.tomcat.util.threads.TaskThread$WrappingRunnable.run(TaskThread.java:63)
	at java.base/java.lang.Thread.run(Thread.java:1583)
2025-06-11 16:16:37.389 [SpringApplicationShutdownHook] INFO  com.zaxxer.hikari.HikariDataSource - HikariCP - Shutdown initiated...
2025-06-11 16:16:37.394 [SpringApplicationShutdownHook] INFO  com.zaxxer.hikari.HikariDataSource - HikariCP - Shutdown completed.
